\BOOKMARK [1][-]{section.1}{Introduction to Project}{}% 1
\BOOKMARK [1][-]{section.2}{Requirements Document}{}% 2
\BOOKMARK [1][-]{section.3}{Design Document}{}% 3
\BOOKMARK [1][-]{section.4}{Tech Review}{}% 4
\BOOKMARK [1][-]{section.5}{Weekly Blog Posts}{}% 5
\BOOKMARK [2][-]{subsection.5.1}{Henry}{section.5}% 6
\BOOKMARK [2][-]{subsection.5.2}{Kailyn}{section.5}% 7
\BOOKMARK [2][-]{subsection.5.3}{Taylor}{section.5}% 8
\BOOKMARK [1][-]{section.6}{Final Poster}{}% 9
\BOOKMARK [1][-]{section.7}{Project Documentation}{}% 10
\BOOKMARK [1][-]{section.8}{Recommended Technical Resources for Learning More}{}% 11
\BOOKMARK [2][-]{subsection.8.1}{Helpful Websites}{section.8}% 12
\BOOKMARK [1][-]{section.9}{Conclusions and Reflections}{}% 13
\BOOKMARK [2][-]{subsection.9.1}{Henry}{section.9}% 14
\BOOKMARK [3][-]{subsubsection.9.1.1}{What technical information did you learn?}{subsection.9.1}% 15
\BOOKMARK [3][-]{subsubsection.9.1.2}{What non-technical information did you learn?}{subsection.9.1}% 16
\BOOKMARK [3][-]{subsubsection.9.1.3}{What have you learned about project work?}{subsection.9.1}% 17
\BOOKMARK [3][-]{subsubsection.9.1.4}{What have you learned about project management?}{subsection.9.1}% 18
\BOOKMARK [3][-]{subsubsection.9.1.5}{What have you learned about working in teams?}{subsection.9.1}% 19
\BOOKMARK [3][-]{subsubsection.9.1.6}{If you could do it all over, what would you do differently?}{subsection.9.1}% 20
\BOOKMARK [2][-]{subsection.9.2}{Kailyn}{section.9}% 21
\BOOKMARK [3][-]{subsubsection.9.2.1}{What technical information did you learn?}{subsection.9.2}% 22
\BOOKMARK [3][-]{subsubsection.9.2.2}{What non-technical information did you learn?}{subsection.9.2}% 23
\BOOKMARK [3][-]{subsubsection.9.2.3}{What have you learned about project work?}{subsection.9.2}% 24
\BOOKMARK [3][-]{subsubsection.9.2.4}{What have you learned about project management?}{subsection.9.2}% 25
\BOOKMARK [3][-]{subsubsection.9.2.5}{What have you learned about working in teams?}{subsection.9.2}% 26
\BOOKMARK [3][-]{subsubsection.9.2.6}{If you could do it all over, what would you do differently?}{subsection.9.2}% 27
\BOOKMARK [2][-]{subsection.9.3}{Taylor}{section.9}% 28
\BOOKMARK [3][-]{subsubsection.9.3.1}{What technical information did you learn?}{subsection.9.3}% 29
\BOOKMARK [3][-]{subsubsection.9.3.2}{What non-technical information did you learn?}{subsection.9.3}% 30
\BOOKMARK [3][-]{subsubsection.9.3.3}{What have you learned about project work?}{subsection.9.3}% 31
\BOOKMARK [3][-]{subsubsection.9.3.4}{What have you learned about project management?}{subsection.9.3}% 32
\BOOKMARK [3][-]{subsubsection.9.3.5}{What have you learned about working in teams?}{subsection.9.3}% 33
\BOOKMARK [3][-]{subsubsection.9.3.6}{If you could do it all over, what would you do differently?}{subsection.9.3}% 34
\BOOKMARK [1][-]{section.10}{Appendix 1: Essential Code Listings}{}% 35
\BOOKMARK [1][-]{section.11}{Appendix 2: Photos of Project}{}% 36
